<?xml version="1.0" encoding="UTF-8"?>
<testsuite xmlns:xsi="http://www.w3.org/2001/XMLSchema-instance" xsi:noNamespaceSchemaLocation="https://maven.apache.org/surefire/maven-surefire-plugin/xsd/surefire-test-report.xsd" name="runner.RunCukesTest" time="3.637" tests="31" errors="0" skipped="0" failures="0">
  <properties>
[...]
</properties>
  <testcase name="Given I am able to hit the local service with &apos;posts&apos; for get" classname="| posts | 200 |" time="0"/>
  <testcase name="When I process the request" classname="| posts | 200 |" time="0"/>
  <testcase name="Then I get the correct &apos;200&apos;" classname="| posts | 200 |" time="0"/>
  <testcase name="| posts | 200 |" classname="| posts | 200 |" time="0"/>
  <testcase name="Given I am able to hit the local service with &apos;comments&apos; for get" classname="| comments | 200 |" time="0"/>
  <testcase name="When I process the request" classname="| comments | 200 |" time="0"/>
  <testcase name="Then I get the correct &apos;200&apos;" classname="| comments | 200 |" time="0"/>
  <testcase name="| comments | 200 |" classname="| comments | 200 |" time="0"/>
  <testcase name="Given I am able to hit the local service with &apos;profile&apos; for get" classname="| profile | 200 |" time="0"/>
  <testcase name="When I process the request" classname="| profile | 200 |" time="0"/>
  <testcase name="Then I get the correct &apos;200&apos;" classname="| profile | 200 |" time="0"/>
  <testcase name="| profile | 200 |" classname="| profile | 200 |" time="0"/>
  <testcase name="Given I create proper put request with &apos;2&apos; and &apos;modified by put&apos; and &apos;2&apos;" classname="| 2 | modified by put | 2 |" time="0"/>
  <testcase name="When I hit the service with proper url and put operation with &apos;2&apos;" classname="| 2 | modified by put | 2 |" time="0"/>
  <testcase name="Then I verify correct &apos;2&apos; and &apos;modified by put&apos;" classname="| 2 | modified by put | 2 |" time="0"/>
  <testcase name="| 2 | modified by put | 2 |" classname="| 2 | modified by put | 2 |" time="0"/>
  <testcase name="Given I create proper patch request with &apos;modified by patch&apos; and &apos;3&apos;" classname="| 3 | modified by patch | 3 |" time="0"/>
  <testcase name="When I hit the service with proper url and patch operation for &apos;3&apos;" classname="| 3 | modified by patch | 3 |" time="0"/>
  <testcase name="Then I verify correct &apos;3&apos; and &apos;modified by patch&apos; after patch operation" classname="| 3 | modified by patch | 3 |" time="0"/>
  <testcase name="| 3 | modified by patch | 3 |" classname="| 3 | modified by patch | 3 |" time="0"/>
  <testcase name="When I hit the service with proper url and delete operation with &apos;1&apos;" classname="| 1 |" time="0"/>
  <testcase name="Then I verify the operation is successful for &apos;1&apos;" classname="| 1 |" time="0"/>
  <testcase name="| 1 |" classname="| 1 |" time="0"/>
  <testcase name="Given I am able to hit the local service with &apos;posts&apos; for post" classname="| posts | 4 | fourth post | deloitte |" time="0"/>
  <testcase name="When I produce correct request for post with &apos;4&apos; and &apos;fourth post&apos; and &apos;deloitte&apos;" classname="| posts | 4 | fourth post | deloitte |" time="0"/>
  <testcase name="Then I get proper response with &apos;4&apos; and &apos;fourth post&apos; and &apos;deloitte&apos;" classname="| posts | 4 | fourth post | deloitte |" time="0"/>
  <testcase name="| posts | 4 | fourth post | deloitte |" classname="| posts | 4 | fourth post | deloitte |" time="0"/>
  <testcase name="Given I am able to hit the local service with &apos;posts&apos; for post" classname="| posts | 5 | fifth post | florida |" time="0"/>
  <testcase name="When I produce correct request for post with &apos;5&apos; and &apos;fifth post&apos; and &apos;florida&apos;" classname="| posts | 5 | fifth post | florida |" time="0"/>
  <testcase name="Then I get proper response with &apos;5&apos; and &apos;fifth post&apos; and &apos;florida&apos;" classname="| posts | 5 | fifth post | florida |" time="0"/>
  <testcase name="| posts | 5 | fifth post | florida |" classname="| posts | 5 | fifth post | florida |" time="0"/>
</testsuite>